1628604156059	geckodriver	INFO	Listening on 127.0.0.1:50988
1628604159102	mozrunner::runner	INFO	Running command: "C:\\Program Files\\Mozilla Firefox\\firefox.exe" "--marionette" "-foreground" "-no-remote" "-profile" "C:\\Users\\ethishm\\AppData\\Local\\Temp\\rust_mozprofileaErriz"
1628604159872	Marionette	INFO	Marionette enabled
console.warn: SearchSettings: "get: No settings file exists, new profile?" (new NotFoundError("Could not open the file at C:\\Users\\ethishm\\AppData\\Local\\Temp\\rust_mozprofileaErriz\\search.json.mozlz4", (void 0)))
1628604162183	Marionette	INFO	Listening on port 59071
1628604162280	Marionette	WARN	TLS certificate errors will be ignored for this session
1628604162305	Marionette	INFO	Stopped listening on port 59071
console.error: Region.jsm: "Error fetching region" (new TypeError("NetworkError when attempting to fetch resource.", ""))
console.error: Region.jsm: "Failed to fetch region" (new Error("NO_RESULT", "resource://gre/modules/Region.jsm", 419))

###!!! [Child][RunMessage] Error: Channel closing: too late to send/recv, messages will be lost

1628604568318	geckodriver	INFO	Listening on 127.0.0.1:52394
1628604571381	mozrunner::runner	INFO	Running command: "C:\\Program Files\\Mozilla Firefox\\firefox.exe" "--marionette" "-foreground" "-no-remote" "-profile" "C:\\Users\\ethishm\\AppData\\Local\\Temp\\rust_mozprofileLrFZip"
1628604571642	Marionette	INFO	Marionette enabled
console.warn: SearchSettings: "get: No settings file exists, new profile?" (new NotFoundError("Could not open the file at C:\\Users\\ethishm\\AppData\\Local\\Temp\\rust_mozprofileLrFZip\\search.json.mozlz4", (void 0)))
1628604573458	Marionette	INFO	Listening on port 61212
1628604573531	Marionette	WARN	TLS certificate errors will be ignored for this session
JavaScript error: https://letskodeit.com/wp-content/plugins/elementor-pro/assets/js/frontend.min.js?ver=2.8.4, line 2: ReferenceError: elementorModules is not defined
1628604577528	Marionette	INFO	Stopped listening on port 61212

###!!! [Child][RunMessage] Error: Channel closing: too late to send/recv, messages will be lost

1628604648694	geckodriver	INFO	Listening on 127.0.0.1:51318
1628604651756	mozrunner::runner	INFO	Running command: "C:\\Program Files\\Mozilla Firefox\\firefox.exe" "--marionette" "-foreground" "-no-remote" "-profile" "C:\\Users\\ethishm\\AppData\\Local\\Temp\\rust_mozprofilerWxnkM"
1628604652056	Marionette	INFO	Marionette enabled
console.warn: SearchSettings: "get: No settings file exists, new profile?" (new NotFoundError("Could not open the file at C:\\Users\\ethishm\\AppData\\Local\\Temp\\rust_mozprofilerWxnkM\\search.json.mozlz4", (void 0)))
1628604654077	Marionette	INFO	Listening on port 64605
1628604654432	Marionette	WARN	TLS certificate errors will be ignored for this session
JavaScript error: https://letskodeit.com/wp-content/plugins/elementor-pro/assets/js/frontend.min.js?ver=2.8.4, line 2: ReferenceError: elementorModules is not defined
1628604658315	Marionette	INFO	Stopped listening on port 64605

###!!! [Child][MessageChannel] Error: (msgtype=0x590008,name=PHttpChannel::Msg_DeletingChannel) Channel closing: too late to send/recv, messages will be lost


###!!! [Child][RunMessage] Error: Channel closing: too late to send/recv, messages will be lost


###!!! [Child][RunMessage] Error: Channel closing: too late to send/recv, messages will be lost

1628604710427	geckodriver	INFO	Listening on 127.0.0.1:59191
1628604713490	mozrunner::runner	INFO	Running command: "C:\\Program Files\\Mozilla Firefox\\firefox.exe" "--marionette" "-foreground" "-no-remote" "-profile" "C:\\Users\\ethishm\\AppData\\Local\\Temp\\rust_mozprofileexu5kM"
1628604713773	Marionette	INFO	Marionette enabled
console.warn: SearchSettings: "get: No settings file exists, new profile?" (new NotFoundError("Could not open the file at C:\\Users\\ethishm\\AppData\\Local\\Temp\\rust_mozprofileexu5kM\\search.json.mozlz4", (void 0)))
1628604715564	Marionette	INFO	Listening on port 57526
1628604715669	Marionette	WARN	TLS certificate errors will be ignored for this session
JavaScript error: https://letskodeit.com/wp-content/plugins/elementor-pro/assets/js/frontend.min.js?ver=2.8.4, line 2: ReferenceError: elementorModules is not defined
1628604719583	Marionette	INFO	Stopped listening on port 57526

###!!! [Child][RunMessage] Error: Channel closing: too late to send/recv, messages will be lost

1628604819116	geckodriver	INFO	Listening on 127.0.0.1:53791
1628604822163	mozrunner::runner	INFO	Running command: "C:\\Program Files\\Mozilla Firefox\\firefox.exe" "--marionette" "-foreground" "-no-remote" "-profile" "C:\\Users\\ethishm\\AppData\\Local\\Temp\\rust_mozprofilebGPbFV"
1628604822449	Marionette	INFO	Marionette enabled
console.warn: SearchSettings: "get: No settings file exists, new profile?" (new NotFoundError("Could not open the file at C:\\Users\\ethishm\\AppData\\Local\\Temp\\rust_mozprofilebGPbFV\\search.json.mozlz4", (void 0)))
1628604824056	Marionette	INFO	Listening on port 56367
1628604824228	Marionette	WARN	TLS certificate errors will be ignored for this session
JavaScript error: https://letskodeit.com/wp-content/plugins/elementor-pro/assets/js/frontend.min.js?ver=2.8.4, line 2: ReferenceError: elementorModules is not defined
1628604840170	Marionette	INFO	Stopped listening on port 56367

###!!! [Child][RunMessage] Error: Channel closing: too late to send/recv, messages will be lost

1628605031409	geckodriver	INFO	Listening on 127.0.0.1:61255
1628605034444	mozrunner::runner	INFO	Running command: "C:\\Program Files\\Mozilla Firefox\\firefox.exe" "--marionette" "-foreground" "-no-remote" "-profile" "C:\\Users\\ethishm\\AppData\\Local\\Temp\\rust_mozprofile5E2sG6"
1628605034711	Marionette	INFO	Marionette enabled
console.warn: SearchSettings: "get: No settings file exists, new profile?" (new NotFoundError("Could not open the file at C:\\Users\\ethishm\\AppData\\Local\\Temp\\rust_mozprofile5E2sG6\\search.json.mozlz4", (void 0)))
1628605036651	Marionette	INFO	Listening on port 56014
1628605037127	Marionette	WARN	TLS certificate errors will be ignored for this session
JavaScript error: https://letskodeit.com/wp-content/plugins/elementor-pro/assets/js/frontend.min.js?ver=2.8.4, line 2: ReferenceError: elementorModules is not defined
1628605054742	Marionette	INFO	Stopped listening on port 56014

###!!! [Child][RunMessage] Error: Channel closing: too late to send/recv, messages will be lost

1628605131174	geckodriver	INFO	Listening on 127.0.0.1:50517
1628605134218	mozrunner::runner	INFO	Running command: "C:\\Program Files\\Mozilla Firefox\\firefox.exe" "--marionette" "-foreground" "-no-remote" "-profile" "C:\\Users\\ethishm\\AppData\\Local\\Temp\\rust_mozprofileaetONx"
1628605134504	Marionette	INFO	Marionette enabled
console.warn: SearchSettings: "get: No settings file exists, new profile?" (new NotFoundError("Could not open the file at C:\\Users\\ethishm\\AppData\\Local\\Temp\\rust_mozprofileaetONx\\search.json.mozlz4", (void 0)))
1628605136116	Marionette	INFO	Listening on port 60708
1628605136279	Marionette	WARN	TLS certificate errors will be ignored for this session
JavaScript error: https://letskodeit.com/wp-content/plugins/elementor-pro/assets/js/frontend.min.js?ver=2.8.4, line 2: ReferenceError: elementorModules is not defined
JavaScript warning: https://d235vmrai5heq2.cloudfront.net/js/default/review.js?v=V3.1.60078, line 33: unreachable code after return statement
JavaScript warning: https://d235vmrai5heq2.cloudfront.net/js/default/review.js?v=V3.1.60078, line 33: unreachable code after return statement
1628605150427	Marionette	INFO	Stopped listening on port 60708
[Child 19924, IPC I/O Child] WARNING: pipe error: 232: file /builds/worker/checkouts/gecko/ipc/chromium/src/chrome/common/ipc_channel_win.cc:544

###!!! [Child][RunMessage] Error: Channel closing: too late to send/recv, messages will be lost

1628605447326	geckodriver	INFO	Listening on 127.0.0.1:52677
1628605450389	mozrunner::runner	INFO	Running command: "C:\\Program Files\\Mozilla Firefox\\firefox.exe" "--marionette" "-foreground" "-no-remote" "-profile" "C:\\Users\\ethishm\\AppData\\Local\\Temp\\rust_mozprofileVWHQUA"
1628605450666	Marionette	INFO	Marionette enabled
console.warn: SearchSettings: "get: No settings file exists, new profile?" (new NotFoundError("Could not open the file at C:\\Users\\ethishm\\AppData\\Local\\Temp\\rust_mozprofileVWHQUA\\search.json.mozlz4", (void 0)))
1628605452401	Marionette	INFO	Listening on port 61623
1628605452458	Marionette	WARN	TLS certificate errors will be ignored for this session
console.error: services.settings: 
  main/doh-providers Signature failed  InvalidSignatureError: Invalid content signature (main/doh-providers)
console.error: services.settings: 
  main/doh-providers local data was corrupted
console.warn: services.settings: main/doh-providers Signature verified failed. Retry from scratch
console.error: services.settings: 
  main/doh-config Signature failed  InvalidSignatureError: Invalid content signature (main/doh-config)
console.error: services.settings: 
  main/doh-config local data was corrupted
console.warn: services.settings: main/doh-config Signature verified failed. Retry from scratch
console.log: WebExtensions: reset-default-search: starting.
console.log: WebExtensions: reset-default-search: No addons in our list are installed.
JavaScript error: , line 0: NS_ERROR_NOT_AVAILABLE
1628656186543	Marionette	INFO	Stopped listening on port 61623

###!!! [Child][RunMessage] Error: Channel closing: too late to send/recv, messages will be lost

from scratch
console.error: services.settings: 
  main/doh-config Signature failed  InvalidSignatureError: Invalid content signature (main/doh-config)
console.error: services.settings: 
  main/doh-config local data was corrupted
console.warn: services.settings: main/doh-config Signature verified failed. Retry from scratch
console.log: WebExtensions: reset-default-search: starting.
console.log: WebExtensions: reset-default-search: No addons in our list are installed.
JavaScript error: , line 0: NS_ERROR_NOT_AVAILABLE
1628657114741	Marionette	INFO	Stopped listening on port 61614

###!!! [Child][RunMessage] Error: Channel closing: too late to send/recv, messages will be lost

